<?xml version="1.0" encoding="UTF-8"?>
<!-- Generated by org.testng.reporters.JUnitReportReporter -->
<testsuite hostname="DESKTOP-UJH33DH" failures="0" tests="1" name="org.tyss.dream11.VerifyBottonNavigationbarOnHomeTest" time="29.253" errors="0" timestamp="2022-08-26T03:43:28 IST" skipped="0">
  <testcase classname="org.tyss.dream11.VerifyBottonNavigationbarOnHomeTest" name="verifyBottonNavigationbarOnHomeTest" time="29.253"/>
  <system-out/>
</testsuite> <!-- org.tyss.dream11.VerifyBottonNavigationbarOnHomeTest -->
